#0 building with "desktop-linux" instance using docker driver

#1 [internal] load build definition from Dockerfile
#1 transferring dockerfile: 1.14kB done
#1 DONE 0.0s

#2 [internal] load metadata for docker.io/library/golang:1.25
#2 DONE 1.3s

#3 [internal] load metadata for docker.io/library/alpine:latest
#3 DONE 1.4s

#4 [internal] load .dockerignore
#4 transferring context: 413B done
#4 DONE 0.0s

#5 [internal] load build context
#5 DONE 0.0s

#6 [stage-1 1/6] FROM docker.io/library/alpine:latest@sha256:4b7ce07002c69e8f3d704a9c5d6fd3053be500b7f1c69fc0d80990c2ad8dd412
#6 resolve docker.io/library/alpine:latest@sha256:4b7ce07002c69e8f3d704a9c5d6fd3053be500b7f1c69fc0d80990c2ad8dd412 0.0s done
#6 DONE 0.0s

#7 [builder 1/6] FROM docker.io/library/golang:1.25@sha256:6ea52a02734dd15e943286b048278da1e04eca196a564578d718c7720433dbbe
#7 resolve docker.io/library/golang:1.25@sha256:6ea52a02734dd15e943286b048278da1e04eca196a564578d718c7720433dbbe 0.0s done
#7 DONE 0.0s

#5 [internal] load build context
#5 transferring context: 762B done
#5 DONE 0.0s

#8 [builder 2/6] WORKDIR /app
#8 CACHED

#9 [builder 3/6] COPY go.mod go.sum ./
#9 CACHED

#10 [builder 5/6] COPY . .
#10 CACHED

#11 [builder 4/6] RUN go mod download
#11 CACHED

#12 [stage-1 5/6] COPY --from=builder /app/object-storage-server .
#12 CACHED

#13 [stage-1 2/6] RUN apk add --no-cache     ffmpeg     ca-certificates     tzdata
#13 CACHED

#14 [stage-1 3/6] RUN addgroup -g 1000 appuser &&     adduser -D -u 1000 -G appuser appuser
#14 CACHED

#15 [stage-1 4/6] WORKDIR /app
#15 CACHED

#16 [builder 6/6] RUN CGO_ENABLED=0 GOOS=linux go build -ldflags="-w -s" -o object-storage-server .
#16 CACHED

#17 [stage-1 6/6] RUN mkdir -p /app/uploads &&     chown -R appuser:appuser /app
#17 CACHED

#18 exporting to image
#18 exporting layers done
#18 exporting manifest sha256:6a0ede68943681ce298ae320e89f056e2b5bc2e4c090393adccdca7cf987b6ba done
#18 exporting config sha256:4711baa2711d65bf6887610cbbbe5fb776f2352442acce8352aac6f1a047c419 done
#18 exporting attestation manifest sha256:1500e4e5226be8b4accbe51229c9bc51a39e308eb5d3347a04ba3d506a83fb58 done
#18 exporting manifest list sha256:4af944ed45aed5009807ba0baede55d7202043808f5c12164d7e7c093a7bba2d done
#18 naming to docker.io/library/object-storage-server:latest done
#18 unpacking to docker.io/library/object-storage-server:latest done
#18 DONE 0.0s

View build details: docker-desktop://dashboard/build/desktop-linux/desktop-linux/wtwd3k3h2g151wvsoinvgrkef
